<?xml version="1.0" encoding="UTF-8"?>
<!-- Generated by org.testng.reporters.JUnitReportReporter -->
<testsuite skipped="0" hostname="LAPTOP-1D6Q3I3D" name="testngsamples.Actitime_Timeout" tests="1" failures="0" timestamp="2022-09-30T00:21:35 IST" time="0.331" errors="0">
  <testcase name="openBrowserAndAppURL" time="0.331" classname="testngsamples.Actitime_Timeout"/>
  <system-out/>
</testsuite> <!-- testngsamples.Actitime_Timeout -->
