<?xml version="1.0" encoding="UTF-8"?>
<!-- Generated by org.testng.reporters.JUnitReportReporter -->
<testsuite skipped="0" hostname="LAPTOP-1D6Q3I3D" name="testngsamples.Actitime_Priority" tests="4" failures="0" timestamp="2022-09-30T00:21:24 IST" time="0.019" errors="0">
  <testcase name="openBrowserAndAppURL" time="0.011" classname="testngsamples.Actitime_Priority"/>
  <system-out/>
  <testcase name="login" time="0.003" classname="testngsamples.Actitime_Priority"/>
  <system-out/>
  <testcase name="createTask" time="0.002" classname="testngsamples.Actitime_Priority"/>
  <system-out/>
  <testcase name="logoutClose" time="0.003" classname="testngsamples.Actitime_Priority"/>
  <system-out/>
</testsuite> <!-- testngsamples.Actitime_Priority -->
