<?xml version="1.0" encoding="UTF-8"?>
<!-- Generated by org.testng.reporters.JUnitReportReporter -->
<testsuite skipped="0" hostname="LAPTOP-1D6Q3I3D" name="testngsamples.Actitime_InvocationCount" tests="6" failures="0" timestamp="2022-09-30T00:20:53 IST" time="0.075" errors="0">
  <testcase name="openBrowserAndAppURL" time="0.003" classname="testngsamples.Actitime_InvocationCount"/>
  <system-out/>
  <testcase name="createTask" time="0.060" classname="testngsamples.Actitime_InvocationCount"/>
  <system-out/>
  <testcase name="openBrowserAndAppURL" time="0.003" classname="testngsamples.Actitime_InvocationCount"/>
  <system-out/>
  <testcase name="openBrowserAndAppURL" time="0.002" classname="testngsamples.Actitime_InvocationCount"/>
  <system-out/>
  <testcase name="openBrowserAndAppURL" time="0.003" classname="testngsamples.Actitime_InvocationCount"/>
  <system-out/>
  <testcase name="openBrowserAndAppURL" time="0.004" classname="testngsamples.Actitime_InvocationCount"/>
  <system-out/>
</testsuite> <!-- testngsamples.Actitime_InvocationCount -->
