<?xml version="1.0" encoding="UTF-8"?>
<!-- Generated by org.testng.reporters.JUnitReportReporter -->
<testsuite skipped="2" hostname="LAPTOP-1D6Q3I3D" name="testngsamples.Actitime_Enabled" tests="4" failures="0" timestamp="2022-09-30T00:17:48 IST" time="0.081" errors="0">
  <testcase name="createTask" time="0.074" classname="testngsamples.Actitime_Enabled"/>
  <system-out/>
  <testcase name="openBrowserAndAppURL" time="0.007" classname="testngsamples.Actitime_Enabled"/>
  <system-out/>
  <testcase name="logoutClose" classname="testngsamples.Actitime_Enabled">
    <skipped/>
  </testcase> <!-- logoutClose -->
  <system-out/>
  <testcase name="login" classname="testngsamples.Actitime_Enabled">
    <skipped/>
  </testcase> <!-- login -->
  <system-out/>
</testsuite> <!-- testngsamples.Actitime_Enabled -->
