<?xml version="1.0" encoding="UTF-8"?>
<!-- Generated by org.testng.reporters.JUnitReportReporter -->
<testsuite skipped="0" hostname="LAPTOP-1D6Q3I3D" name="testngsamples.Actitime_DependsOn" tests="4" failures="0" timestamp="2022-09-30T00:19:05 IST" time="0.016" errors="0">
  <testcase name="createTask" time="0.011" classname="testngsamples.Actitime_DependsOn"/>
  <system-out/>
  <testcase name="openBrowserAndAppURL" time="0.002" classname="testngsamples.Actitime_DependsOn"/>
  <system-out/>
  <testcase name="logoutClose" time="0.001" classname="testngsamples.Actitime_DependsOn"/>
  <system-out/>
  <testcase name="login" time="0.002" classname="testngsamples.Actitime_DependsOn"/>
  <system-out/>
</testsuite> <!-- testngsamples.Actitime_DependsOn -->
